This is pdfTeX, Version 3.1415926-2.5-1.40.14 (MiKTeX 2.9) (preloaded format=pdflatex 2014.4.22)  18 FEB 2015 15:36
entering extended mode
**Graduate_paper.tex

(C:\Data-Science-Class\Data-Science-Class\Data-Science-Class\document\Graduate_
paper.tex
LaTeX2e <2011/06/27>
Babel <v3.8m> and hyphenation patterns for english, afrikaans, ancientgreek, ar
abic, armenian, assamese, basque, bengali, bokmal, bulgarian, catalan, coptic, 
croatian, czech, danish, dutch, esperanto, estonian, farsi, finnish, french, ga
lician, german, german-x-2013-05-26, greek, gujarati, hindi, hungarian, iceland
ic, indonesian, interlingua, irish, italian, kannada, kurmanji, latin, latvian,
 lithuanian, malayalam, marathi, mongolian, mongolianlmc, monogreek, ngerman, n
german-x-2013-05-26, nynorsk, oriya, panjabi, pinyin, polish, portuguese, roman
ian, russian, sanskrit, serbian, slovak, slovenian, spanish, swedish, swissgerm
an, tamil, telugu, turkish, turkmen, ukenglish, ukrainian, uppersorbian, usengl
ishmax, welsh, loaded.
("C:\Program Files (x86)\MiKTeX 2.9\tex\latex\base\article.cls"
Document Class: article 2007/10/19 v1.4h Standard LaTeX document class
("C:\Program Files (x86)\MiKTeX 2.9\tex\latex\base\size10.clo"
File: size10.clo 2007/10/19 v1.4h Standard LaTeX file (size option)
)
\c@part=\count79
\c@section=\count80
\c@subsection=\count81
\c@subsubsection=\count82
\c@paragraph=\count83
\c@subparagraph=\count84
\c@figure=\count85
\c@table=\count86
\abovecaptionskip=\skip41
\belowcaptionskip=\skip42
\bibindent=\dimen102
)
("C:\Program Files (x86)\MiKTeX 2.9\tex\latex\graphics\graphicx.sty"
Package: graphicx 1999/02/16 v1.0f Enhanced LaTeX Graphics (DPC,SPQR)

("C:\Program Files (x86)\MiKTeX 2.9\tex\latex\graphics\keyval.sty"
Package: keyval 1999/03/16 v1.13 key=value parser (DPC)
\KV@toks@=\toks14
)
("C:\Program Files (x86)\MiKTeX 2.9\tex\latex\graphics\graphics.sty"
Package: graphics 2009/02/05 v1.0o Standard LaTeX Graphics (DPC,SPQR)

("C:\Program Files (x86)\MiKTeX 2.9\tex\latex\graphics\trig.sty"
Package: trig 1999/03/16 v1.09 sin cos tan (DPC)
)
("C:\Program Files (x86)\MiKTeX 2.9\tex\latex\00miktex\graphics.cfg"
File: graphics.cfg 2007/01/18 v1.5 graphics configuration of teTeX/TeXLive
)
Package graphics Info: Driver file: pdftex.def on input line 91.

("C:\Program Files (x86)\MiKTeX 2.9\tex\latex\pdftex-def\pdftex.def"
File: pdftex.def 2011/05/27 v0.06d Graphics/color for pdfTeX

("C:\Program Files (x86)\MiKTeX 2.9\tex\generic\oberdiek\infwarerr.sty"
Package: infwarerr 2010/04/08 v1.3 Providing info/warning/error messages (HO)
)
("C:\Program Files (x86)\MiKTeX 2.9\tex\generic\oberdiek\ltxcmds.sty"
Package: ltxcmds 2011/11/09 v1.22 LaTeX kernel commands for general use (HO)
)
\Gread@gobject=\count87
))
\Gin@req@height=\dimen103
\Gin@req@width=\dimen104
)
("C:\Program Files (x86)\MiKTeX 2.9\tex\latex\graphics\color.sty"
Package: color 2005/11/14 v1.0j Standard LaTeX Color (DPC)

("C:\Program Files (x86)\MiKTeX 2.9\tex\latex\00miktex\color.cfg"
File: color.cfg 2007/01/18 v1.5 color configuration of teTeX/TeXLive
)
Package color Info: Driver file: pdftex.def on input line 130.
)
("C:\Program Files (x86)\MiKTeX 2.9\tex\latex\framed\framed.sty"
Package: framed 2011/10/22 v 0.96: framed or shaded text with page breaks
\OuterFrameSep=\skip43
\fb@frw=\dimen105
\fb@frh=\dimen106
\FrameRule=\dimen107
\FrameSep=\dimen108
)
("C:\Program Files (x86)\MiKTeX 2.9\tex\latex\base\alltt.sty"
Package: alltt 1997/06/16 v2.0g defines alltt environment
)
("C:\Program Files (x86)\MiKTeX 2.9\tex\latex\upquote\upquote.sty"
Package: upquote 2012/04/19 v1.3 upright-quote and grave-accent glyphs in verba
tim
)
(C:\Data-Science-Class\Data-Science-Class\Data-Science-Class\document\Graduate_
paper.aux)
LaTeX Font Info:    Checking defaults for OML/cmm/m/it on input line 52.
LaTeX Font Info:    ... okay on input line 52.
LaTeX Font Info:    Checking defaults for T1/cmr/m/n on input line 52.
LaTeX Font Info:    ... okay on input line 52.
LaTeX Font Info:    Checking defaults for OT1/cmr/m/n on input line 52.
LaTeX Font Info:    ... okay on input line 52.
LaTeX Font Info:    Checking defaults for OMS/cmsy/m/n on input line 52.
LaTeX Font Info:    ... okay on input line 52.
LaTeX Font Info:    Checking defaults for OMX/cmex/m/n on input line 52.
LaTeX Font Info:    ... okay on input line 52.
LaTeX Font Info:    Checking defaults for U/cmr/m/n on input line 52.
LaTeX Font Info:    ... okay on input line 52.
 ("C:\Program Files (x86)\MiKTeX 2.9\tex\context\base\supp-pdf.mkii"
[Loading MPS to PDF converter (version 2006.09.02).]
\scratchcounter=\count88
\scratchdimen=\dimen109
\scratchbox=\box26
\nofMPsegments=\count89
\nofMParguments=\count90
\everyMPshowfont=\toks15
\MPscratchCnt=\count91
\MPscratchDim=\dimen110
\MPnumerator=\count92
\makeMPintoPDFobject=\count93
\everyMPtoPDFconversion=\toks16
)
Underfull \hbox (badness 10000) in paragraph at lines 67--68

 []

[1

{C:/ProgramData/MiKTeX/2.9/pdftex/config/pdftex.map}]
Underfull \hbox (badness 10000) in paragraph at lines 74--76

 []


Underfull \hbox (badness 10000) in paragraph at lines 76--78

 []


Underfull \hbox (badness 10000) in paragraph at lines 78--80

 []


Underfull \hbox (badness 10000) in paragraph at lines 80--82

 []


Underfull \hbox (badness 10000) in paragraph at lines 82--83

 []


Underfull \hbox (badness 10000) in paragraph at lines 89--90

 []

Package color Info: Redefining color shadecolor on input line 101.

Overfull \hbox (95.99615pt too wide) in paragraph at lines 104--105
[]\OT1/cmtt/m/n/10 ## Warning in gzfile(file, "rb"): cannot open compressed fil
e 'profitCostMod2.rds',
 []

LaTeX Font Info:    Font shape `OT1/cmtt/bx/n' in size <10> not available
(Font)              Font shape `OT1/cmtt/m/n' tried instead on input line 106.

Overfull \hbox (6.74693pt too wide) in paragraph at lines 108--108
[]\OT1/cmtt/m/n/10 ## Error in ggplot(profitCostMod2, aes(ProfitMile, CostMile)
, alpha
 []

[2]
Package color Info: Redefining color shadecolor on input line 115.

Overfull \hbox (74.99634pt too wide) in paragraph at lines 118--119
[]\OT1/cmtt/m/n/10 ## Error in ifelse(profitCostMod2$Buy == "Load", 1, 0): obje
ct 'profitCostMod2'
 []


Overfull \hbox (6.74693pt too wide) in paragraph at lines 120--121
[]\OT1/cmtt/m/n/10 ## Error in eval(expr, envir, enclos): object 'profitCostMod
2' not
 []


Overfull \hbox (14.30684pt too wide) in paragraph at lines 122--123
[]\OT1/cmtt/m/n/10 ## Error in lapply(list(...), .num[]to[]date): object 'profi
tCostMod8'
 []


Overfull \hbox (6.74693pt too wide) in paragraph at lines 124--125
[]\OT1/cmtt/m/n/10 ## Error in eval(expr, envir, enclos): object 'profitCostMod
8' not
 []


Overfull \hbox (11.99689pt too wide) in paragraph at lines 126--127
[]\OT1/cmtt/m/n/10 ## Error in head(profitCostMod8.1b): object 'profitCostMod8.
1b' not
 []


Overfull \hbox (36.77666pt too wide) in paragraph at lines 128--128
[]\OT1/cmtt/m/n/10 ## Error in ggplot(profitCostMod8.1b, aes(TRUNC.QREC.CREATE[
]DT., Buyrate,
 []

Package color Info: Redefining color shadecolor on input line 133.

Overfull \hbox (6.74693pt too wide) in paragraph at lines 136--137
[]\OT1/cmtt/m/n/10 ## Error in eval(expr, envir, enclos): object 'profitCostMod
8' not
 []


Overfull \hbox (6.74693pt too wide) in paragraph at lines 138--139
[]\OT1/cmtt/m/n/10 ## Error in ggplot(profitCostMod3a, aes(Total.Cost, Profit, 
color =
 []


Overfull \hbox (6.74693pt too wide) in paragraph at lines 140--141
[]\OT1/cmtt/m/n/10 ## Error in ggplot(profitCostMod3a, aes(Total.Cost, Profit, 
group =
 []


Overfull \hbox (5.27693pt too wide) in paragraph at lines 142--143
[]\OT1/cmtt/m/n/10 ## Error in ggsave("Contour[]filtered1.png", width = 14, hei
ght = 5,
 []


Overfull \hbox (6.74693pt too wide) in paragraph at lines 144--144
[]\OT1/cmtt/m/n/10 ## Error in ggplot(profitCostMod3a, aes(Total.Cost, Profit, 
group =
 []

Package color Info: Redefining color shadecolor on input line 148.

Overfull \hbox (11.99689pt too wide) in paragraph at lines 151--151
[]\OT1/cmtt/m/n/10 ## Error in eval(expr, envir, enclos): argument is missing, 
with no
 []

Package color Info: Redefining color shadecolor on input line 158.

Overfull \hbox (11.99689pt too wide) in paragraph at lines 164--164
[]\OT1/cmtt/m/n/10 ## Error in head(profitCostMod8): object 'profitCostMod8' no
t found[] 
 []


Overfull \hbox (11.99689pt too wide) in paragraph at lines 169--169
[]\OT1/cmtt/m/n/10 ## Error in head(profitCostMod8.1b): object 'profitCostMod8.
1b' not
 []


Overfull \hbox (11.99689pt too wide) in paragraph at lines 174--174
[]\OT1/cmtt/m/n/10 ## Error in head(profitCostMod2): object 'profitCostMod2' no
t found[] 
 []


Overfull \hbox (32.9967pt too wide) in paragraph at lines 177--177
[]  []\OT1/cmtt/m/n/10 summarise[][]([][]Buy[][]=[][]sum[][](Buy),[][]Search[][
]=[][]sum[][](Search),[] []Total.Cost[][]=[][]sum[][](TOTAL_COST),[][] 
 []


Overfull \hbox (1.49698pt too wide) in paragraph at lines 178--178
[]             []\OT1/cmtt/m/n/10 Total.Revenue[][]=[][]sum[][](TOTAL_REVENUE),
[][]Profit[][]=[][]sum[][](COC))[] []%>%[][] 
 []


Overfull \hbox (6.74693pt too wide) in paragraph at lines 188--188
[]\OT1/cmtt/m/n/10 ## Error in eval(expr, envir, enclos): object 'profitCostMod
2' not
 []


Overfull \hbox (24.80675pt too wide) in paragraph at lines 201--201
[]\OT1/cmtt/m/n/10 ## Error in createDataPartition(Xiangspairs$BILL[]TO[]NAME, 
p = 0.8, list
 []


Overfull \hbox (22.4968pt too wide) in paragraph at lines 206--206
[]\OT1/cmtt/m/n/10 ## Error in eval(expr, envir, enclos): object 'Xiangspairs' 
not found[] 
 []


Overfull \hbox (22.4968pt too wide) in paragraph at lines 211--211
[]\OT1/cmtt/m/n/10 ## Error in eval(expr, envir, enclos): object 'Xiangspairs' 
not found[] 
 []


Overfull \hbox (22.4968pt too wide) in paragraph at lines 216--216
[]\OT1/cmtt/m/n/10 ## Error in eval(expr, envir, enclos): object 'XiangsTrain' 
not found[] 
 []


Overfull \hbox (22.4968pt too wide) in paragraph at lines 221--221
[]\OT1/cmtt/m/n/10 ## Error in eval(expr, envir, enclos): object 'XiangsTrain' 
not found[] 
 []


Overfull \hbox (17.24684pt too wide) in paragraph at lines 226--226
[]\OT1/cmtt/m/n/10 ## Error in eval(expr, envir, enclos): object 'XiangsTest' n
ot found[] 
 []


Overfull \hbox (22.4968pt too wide) in paragraph at lines 231--231
[]\OT1/cmtt/m/n/10 ## Error in eval(expr, envir, enclos): object 'Xiangspairs' 
not found[] 
 []

[3] [4] [5]
(C:\Data-Science-Class\Data-Science-Class\Data-Science-Class\document\Graduate_
paper.aux) ) 
Here is how much of TeX's memory you used:
 1255 strings out of 493921
 17218 string characters out of 3144888
 76078 words of memory out of 3000000
 4580 multiletter control sequences out of 15000+200000
 5793 words of font info for 22 fonts, out of 3000000 for 9000
 841 hyphenation exceptions out of 8191
 27i,5n,19p,1155b,241s stack positions out of 5000i,500n,10000p,200000b,50000s
<C:/Program Files (x86)/MiKTeX 2.9/fonts/type1/public/amsfonts/cm/c
mbx12.pfb><C:/Program Files (x86)/MiKTeX 2.9/fonts/type1/public/amsfonts/cm/cmb
x9.pfb><C:/Program Files (x86)/MiKTeX 2.9/fonts/type1/public/amsfonts/cm/cmitt1
0.pfb><C:/Program Files (x86)/MiKTeX 2.9/fonts/type1/public/amsfonts/cm/cmr10.p
fb><C:/Program Files (x86)/MiKTeX 2.9/fonts/type1/public/amsfonts/cm/cmr9.pfb><
C:/Program Files (x86)/MiKTeX 2.9/fonts/type1/public/amsfonts/cm/cmtt10.pfb>
Output written on Graduate_paper.pdf (5 pages, 101204 bytes).
PDF statistics:
 42 PDF objects out of 1000 (max. 8388607)
 0 named destinations out of 1000 (max. 500000)
 1 words of extra memory for PDF output out of 10000 (max. 10000000)

